# JRE version: Java(TM) SE Runtime Environment (8.0_291-b10) (build 1.8.0_291-b10)
# Java VM: Java HotSpot(TM) 64-Bit Server VM (25.291-b10 mixed mode windows-amd64 compressed oops)
Heap:
 PSYoungGen      total 280064K, used 106634K [0x00000000d5e00000, 0x00000000ee300000, 0x0000000100000000)
  eden space 263680K, 40% used [0x00000000d5e00000,0x00000000dc622878,0x00000000e5f80000)
  from space 16384K, 0% used [0x00000000ed300000,0x00000000ed300000,0x00000000ee300000)
  to   space 12800K, 0% used [0x00000000e5f80000,0x00000000e5f80000,0x00000000e6c00000)
 ParOldGen       total 51200K, used 22934K [0x0000000081a00000, 0x0000000084c00000, 0x00000000d5e00000)
  object space 51200K, 44% used [0x0000000081a00000,0x0000000083065bf8,0x0000000084c00000)
 Metaspace       used 39049K, capacity 41279K, committed 41472K, reserved 1085440K
  class space    used 5406K, capacity 5815K, committed 5888K, reserved 1048576K
GC Heap History (10 events):
Event: 5.216 GC heap before
{Heap before GC invocations=8 (full 1):
 PSYoungGen      total 144896K, used 5127K [0x00000000d5e00000, 0x00000000e7900000, 0x0000000100000000)
  eden space 133120K, 0% used [0x00000000d5e00000,0x00000000d5e00000,0x00000000de000000)
  from space 11776K, 43% used [0x00000000de000000,0x00000000de501e18,0x00000000deb80000)
  to   space 11776K, 0% used [0x00000000e6d80000,0x00000000e6d80000,0x00000000e7900000)
 ParOldGen       total 87552K, used 12477K [0x0000000081a00000, 0x0000000086f80000, 0x00000000d5e00000)
  object space 87552K, 14% used [0x0000000081a00000,0x000000008262f5b8,0x0000000086f80000)
 Metaspace       used 20422K, capacity 21285K, committed 21296K, reserved 1067008K
  class space    used 2672K, capacity 2933K, committed 2944K, reserved 1048576K
Event: 5.270 GC heap after
Heap after GC invocations=8 (full 1):
 PSYoungGen      total 144896K, used 0K [0x00000000d5e00000, 0x00000000e7900000, 0x0000000100000000)
  eden space 133120K, 0% used [0x00000000d5e00000,0x00000000d5e00000,0x00000000de000000)
  from space 11776K, 0% used [0x00000000de000000,0x00000000de000000,0x00000000deb80000)
  to   space 11776K, 0% used [0x00000000e6d80000,0x00000000e6d80000,0x00000000e7900000)
 ParOldGen       total 51200K, used 7944K [0x0000000081a00000, 0x0000000084c00000, 0x00000000d5e00000)
  object space 51200K, 15% used [0x0000000081a00000,0x00000000821c2050,0x0000000084c00000)
 Metaspace       used 20422K, capacity 21285K, committed 21296K, reserved 1067008K
  class space    used 2672K, capacity 2933K, committed 2944K, reserved 1048576K
}
Event: 7.437 GC heap before
{Heap before GC invocations=9 (full 1):
 PSYoungGen      total 144896K, used 133120K [0x00000000d5e00000, 0x00000000e7900000, 0x0000000100000000)
  eden space 133120K, 100% used [0x00000000d5e00000,0x00000000de000000,0x00000000de000000)
  from space 11776K, 0% used [0x00000000de000000,0x00000000de000000,0x00000000deb80000)
  to   space 11776K, 0% used [0x00000000e6d80000,0x00000000e6d80000,0x00000000e7900000)
 ParOldGen       total 51200K, used 7944K [0x0000000081a00000, 0x0000000084c00000, 0x00000000d5e00000)
  object space 51200K, 15% used [0x0000000081a00000,0x00000000821c2050,0x0000000084c00000)
 Metaspace       used 25281K, capacity 26655K, committed 26880K, reserved 1073152K
  class space    used 3429K, capacity 3740K, committed 3840K, reserved 1048576K
Event: 7.453 GC heap after
Heap after GC invocations=9 (full 1):
 PSYoungGen      total 257024K, used 11003K [0x00000000d5e00000, 0x00000000e7880000, 0x0000000100000000)
  eden space 245760K, 0% used [0x00000000d5e00000,0x00000000d5e00000,0x00000000e4e00000)
  from space 11264K, 97% used [0x00000000e6d80000,0x00000000e783eeb8,0x00000000e7880000)
  to   space 12800K, 0% used [0x00000000e5f80000,0x00000000e5f80000,0x00000000e6c00000)
 ParOldGen       total 51200K, used 7952K [0x0000000081a00000, 0x0000000084c00000, 0x00000000d5e00000)
  object space 51200K, 15% used [0x0000000081a00000,0x00000000821c4050,0x0000000084c00000)
 Metaspace       used 25281K, capacity 26655K, committed 26880K, reserved 1073152K
  class space    used 3429K, capacity 3740K, committed 3840K, reserved 1048576K
}
Event: 9.463 GC heap before
{Heap before GC invocations=10 (full 1):
 PSYoungGen      total 257024K, used 256763K [0x00000000d5e00000, 0x00000000e7880000, 0x0000000100000000)
  eden space 245760K, 100% used [0x00000000d5e00000,0x00000000e4e00000,0x00000000e4e00000)
  from space 11264K, 97% used [0x00000000e6d80000,0x00000000e783eeb8,0x00000000e7880000)
  to   space 12800K, 0% used [0x00000000e5f80000,0x00000000e5f80000,0x00000000e6c00000)
 ParOldGen       total 51200K, used 7952K [0x0000000081a00000, 0x0000000084c00000, 0x00000000d5e00000)
  object space 51200K, 15% used [0x0000000081a00000,0x00000000821c4050,0x0000000084c00000)
 Metaspace       used 31169K, capacity 33155K, committed 33280K, reserved 1077248K
  class space    used 4200K, capacity 4586K, committed 4608K, reserved 1048576K
Event: 9.485 GC heap after
Heap after GC invocations=10 (full 1):
 PSYoungGen      total 276480K, used 12772K [0x00000000d5e00000, 0x00000000ee300000, 0x0000000100000000)
  eden space 263680K, 0% used [0x00000000d5e00000,0x00000000d5e00000,0x00000000e5f80000)
  from space 12800K, 99% used [0x00000000e5f80000,0x00000000e6bf9208,0x00000000e6c00000)
  to   space 16384K, 0% used [0x00000000ed300000,0x00000000ed300000,0x00000000ee300000)
 ParOldGen       total 51200K, used 12112K [0x0000000081a00000, 0x0000000084c00000, 0x00000000d5e00000)
  object space 51200K, 23% used [0x0000000081a00000,0x00000000825d4010,0x0000000084c00000)
 Metaspace       used 31169K, capacity 33155K, committed 33280K, reserved 1077248K
  class space    used 4200K, capacity 4586K, committed 4608K, reserved 1048576K
}
Event: 10.503 GC heap before
{Heap before GC invocations=11 (full 1):
 PSYoungGen      total 276480K, used 90306K [0x00000000d5e00000, 0x00000000ee300000, 0x0000000100000000)
  eden space 263680K, 29% used [0x00000000d5e00000,0x00000000da9b7738,0x00000000e5f80000)
  from space 12800K, 99% used [0x00000000e5f80000,0x00000000e6bf9208,0x00000000e6c00000)
  to   space 16384K, 0% used [0x00000000ed300000,0x00000000ed300000,0x00000000ee300000)
 ParOldGen       total 51200K, used 12112K [0x0000000081a00000, 0x0000000084c00000, 0x00000000d5e00000)
  object space 51200K, 23% used [0x0000000081a00000,0x00000000825d4010,0x0000000084c00000)
 Metaspace       used 33440K, capacity 35439K, committed 35496K, reserved 1079296K
  class space    used 4475K, capacity 4860K, committed 4864K, reserved 1048576K
Event: 10.523 GC heap after
Heap after GC invocations=11 (full 1):
 PSYoungGen      total 280064K, used 12477K [0x00000000d5e00000, 0x00000000ee300000, 0x0000000100000000)
  eden space 263680K, 0% used [0x00000000d5e00000,0x00000000d5e00000,0x00000000e5f80000)
  from space 16384K, 76% used [0x00000000ed300000,0x00000000edf2f4b8,0x00000000ee300000)
  to   space 12800K, 0% used [0x00000000e5f80000,0x00000000e5f80000,0x00000000e6c00000)
 ParOldGen       total 51200K, used 16100K [0x0000000081a00000, 0x0000000084c00000, 0x00000000d5e00000)
  object space 51200K, 31% used [0x0000000081a00000,0x00000000829b9070,0x0000000084c00000)
 Metaspace       used 33440K, capacity 35439K, committed 35496K, reserved 1079296K
  class space    used 4475K, capacity 4860K, committed 4864K, reserved 1048576K
}
Event: 10.523 GC heap before
{Heap before GC invocations=12 (full 2):
 PSYoungGen      total 280064K, used 12477K [0x00000000d5e00000, 0x00000000ee300000, 0x0000000100000000)
  eden space 263680K, 0% used [0x00000000d5e00000,0x00000000d5e00000,0x00000000e5f80000)
  from space 16384K, 76% used [0x00000000ed300000,0x00000000edf2f4b8,0x00000000ee300000)
  to   space 12800K, 0% used [0x00000000e5f80000,0x00000000e5f80000,0x00000000e6c00000)
 ParOldGen       total 51200K, used 16100K [0x0000000081a00000, 0x0000000084c00000, 0x00000000d5e00000)
  object space 51200K, 31% used [0x0000000081a00000,0x00000000829b9070,0x0000000084c00000)
 Metaspace       used 33440K, capacity 35439K, committed 35496K, reserved 1079296K
  class space    used 4475K, capacity 4860K, committed 4864K, reserved 1048576K
Event: 10.628 GC heap after
Heap after GC invocations=12 (full 2):
 PSYoungGen      total 280064K, used 0K [0x00000000d5e00000, 0x00000000ee300000, 0x0000000100000000)
  eden space 263680K, 0% used [0x00000000d5e00000,0x00000000d5e00000,0x00000000e5f80000)
  from space 16384K, 0% used [0x00000000ed300000,0x00000000ed300000,0x00000000ee300000)
  to   space 12800K, 0% used [0x00000000e5f80000,0x00000000e5f80000,0x00000000e6c00000)
 ParOldGen       total 51200K, used 22934K [0x0000000081a00000, 0x0000000084c00000, 0x00000000d5e00000)
  object space 51200K, 44% used [0x0000000081a00000,0x0000000083065bf8,0x0000000084c00000)
 Metaspace       used 33440K, capacity 35439K, committed 35496K, reserved 1079296K
  class space    used 4475K, capacity 4860K, committed 4864K, reserved 1048576K
}

